Release 14.7 - xst P.20131013 (nt64)
Copyright (c) 1995-2013 Xilinx, Inc.  All rights reserved.
--> Parameter TMPDIR set to xst/projnav.tmp


Total REAL time to Xst completion: 0.00 secs
Total CPU time to Xst completion: 0.08 secs
 
--> Parameter xsthdpdir set to xst


Total REAL time to Xst completion: 0.00 secs
Total CPU time to Xst completion: 0.08 secs
 
--> Reading design: Clock.prj

TABLE OF CONTENTS
  1) Synthesis Options Summary
  2) HDL Compilation
  3) Design Hierarchy Analysis
  4) HDL Analysis
  5) HDL Synthesis
     5.1) HDL Synthesis Report
  6) Advanced HDL Synthesis
     6.1) Advanced HDL Synthesis Report
  7) Low Level Synthesis
  8) Partition Report
  9) Final Report
	9.1) Device utilization summary
	9.2) Partition Resource Summary
	9.3) TIMING REPORT


=========================================================================
*                      Synthesis Options Summary                        *
=========================================================================
---- Source Parameters
Input File Name                    : "Clock.prj"
Input Format                       : mixed
Ignore Synthesis Constraint File   : NO

---- Target Parameters
Output File Name                   : "Clock"
Output Format                      : NGC
Target Device                      : xc3s100e-5-cp132

---- Source Options
Top Module Name                    : Clock
Automatic FSM Extraction           : YES
FSM Encoding Algorithm             : Auto
Safe Implementation                : No
FSM Style                          : LUT
RAM Extraction                     : Yes
RAM Style                          : Auto
ROM Extraction                     : Yes
Mux Style                          : Auto
Decoder Extraction                 : YES
Priority Encoder Extraction        : Yes
Shift Register Extraction          : YES
Logical Shifter Extraction         : YES
XOR Collapsing                     : YES
ROM Style                          : Auto
Mux Extraction                     : Yes
Resource Sharing                   : YES
Asynchronous To Synchronous        : NO
Multiplier Style                   : Auto
Automatic Register Balancing       : No

---- Target Options
Add IO Buffers                     : YES
Global Maximum Fanout              : 500
Add Generic Clock Buffer(BUFG)     : 24
Register Duplication               : YES
Slice Packing                      : YES
Optimize Instantiated Primitives   : NO
Use Clock Enable                   : Yes
Use Synchronous Set                : Yes
Use Synchronous Reset              : Yes
Pack IO Registers into IOBs        : Auto
Equivalent register Removal        : YES

---- General Options
Optimization Goal                  : Speed
Optimization Effort                : 1
Keep Hierarchy                     : No
Netlist Hierarchy                  : As_Optimized
RTL Output                         : Yes
Global Optimization                : AllClockNets
Read Cores                         : YES
Write Timing Constraints           : NO
Cross Clock Analysis               : NO
Hierarchy Separator                : /
Bus Delimiter                      : <>
Case Specifier                     : Maintain
Slice Utilization Ratio            : 100
BRAM Utilization Ratio             : 100
Verilog 2001                       : YES
Auto BRAM Packing                  : NO
Slice Utilization Ratio Delta      : 5

=========================================================================


=========================================================================
*                          HDL Compilation                              *
=========================================================================
Compiling verilog file "Clock.v" in library work
Module <Clock> compiled
No errors in compilation
Analysis of file <"Clock.prj"> succeeded.
 

=========================================================================
*                     Design Hierarchy Analysis                         *
=========================================================================
Analyzing hierarchy for module <Clock> in library <work>.


=========================================================================
*                            HDL Analysis                               *
=========================================================================
Analyzing top module <Clock>.
WARNING:Xst:905 - "Clock.v" line 64: One or more signals are missing in the sensitivity list of always block. To enable synthesis of FPGA/CPLD hardware, XST will assume that all necessary signals are present in the sensitivity list. Please note that the result of the synthesis may differ from the initial design specification. The missing signals are:
   <cnt_minute>
WARNING:Xst:905 - "Clock.v" line 83: One or more signals are missing in the sensitivity list of always block. To enable synthesis of FPGA/CPLD hardware, XST will assume that all necessary signals are present in the sensitivity list. Please note that the result of the synthesis may differ from the initial design specification. The missing signals are:
   <cnt_hour>
Module <Clock> is correct for synthesis.
 

=========================================================================
*                           HDL Synthesis                               *
=========================================================================

Performing bidirectional port resolution...

Synthesizing Unit <Clock>.
    Related source file is "Clock.v".
WARNING:Xst:737 - Found 7-bit latch for signal <cnt_minute>. Latches may be generated from incomplete case or if statements. We do not recommend the use of latches in FPGA/CPLD designs, as they may lead to timing problems.
WARNING:Xst:737 - Found 5-bit latch for signal <cnt_hour>. Latches may be generated from incomplete case or if statements. We do not recommend the use of latches in FPGA/CPLD designs, as they may lead to timing problems.
    Found 26-bit up counter for signal <cnt_clk>.
    Found 5-bit adder for signal <cnt_hour$addsub0000> created at line 94.
    Found 7-bit adder for signal <cnt_minute$addsub0000> created at line 75.
    Found 7-bit up counter for signal <cnt_second>.
    Summary:
	inferred   2 Counter(s).
	inferred   2 Adder/Subtractor(s).
Unit <Clock> synthesized.


=========================================================================
HDL Synthesis Report

Macro Statistics
# Adders/Subtractors                                   : 2
 5-bit adder                                           : 1
 7-bit adder                                           : 1
# Counters                                             : 2
 26-bit up counter                                     : 1
 7-bit up counter                                      : 1
# Latches                                              : 2
 5-bit latch                                           : 1
 7-bit latch                                           : 1

=========================================================================

=========================================================================
*                       Advanced HDL Synthesis                          *
=========================================================================


=========================================================================
Advanced HDL Synthesis Report

Macro Statistics
# Adders/Subtractors                                   : 2
 5-bit adder                                           : 1
 7-bit adder                                           : 1
# Counters                                             : 2
 26-bit up counter                                     : 1
 7-bit up counter                                      : 1
# Latches                                              : 2
 5-bit latch                                           : 1
 7-bit latch                                           : 1

=========================================================================

=========================================================================
*                         Low Level Synthesis                           *
=========================================================================

Optimizing unit <Clock> ...

Mapping all equations...
Building and optimizing final netlist ...
Found area constraint ratio of 100 (+ 5) on block Clock, actual ratio is 3.

Final Macro Processing ...

=========================================================================
Final Register Report

Macro Statistics
# Registers                                            : 33
 Flip-Flops                                            : 33

=========================================================================

=========================================================================
*                           Partition Report                            *
=========================================================================

Partition Implementation Status
-------------------------------

  No Partitions were found in this design.

-------------------------------

=========================================================================
*                            Final Report                               *
=========================================================================
Final Results
RTL Top Level Output File Name     : Clock.ngr
Top Level Output File Name         : Clock
Output Format                      : NGC
Optimization Goal                  : Speed
Keep Hierarchy                     : No

Design Statistics
# IOs                              : 21

Cell Usage :
# BELS                             : 125
#      GND                         : 1
#      INV                         : 2
#      LUT1                        : 25
#      LUT2                        : 9
#      LUT2_L                      : 1
#      LUT3                        : 5
#      LUT4                        : 20
#      LUT4_D                      : 1
#      LUT4_L                      : 1
#      MUXCY                       : 32
#      MUXF5                       : 1
#      VCC                         : 1
#      XORCY                       : 26
# FlipFlops/Latches                : 45
#      FDR                         : 26
#      FDRE                        : 7
#      LD                          : 12
# Clock Buffers                    : 1
#      BUFGP                       : 1
# IO Buffers                       : 20
#      OBUF                        : 20
=========================================================================

Device utilization summary:
---------------------------

Selected Device : 3s100ecp132-5 

 Number of Slices:                       33  out of    960     3%  
 Number of Slice Flip Flops:             45  out of   1920     2%  
 Number of 4 input LUTs:                 64  out of   1920     3%  
 Number of IOs:                          21
 Number of bonded IOBs:                  21  out of     83    25%  
 Number of GCLKs:                         1  out of     24     4%  

---------------------------
Partition Resource Summary:
---------------------------

  No Partitions were found in this design.

---------------------------


=========================================================================
TIMING REPORT

NOTE: THESE TIMING NUMBERS ARE ONLY A SYNTHESIS ESTIMATE.
      FOR ACCURATE TIMING INFORMATION PLEASE REFER TO THE TRACE REPORT
      GENERATED AFTER PLACE-and-ROUTE.

Clock Information:
------------------
----------------------------------------------+------------------------+-------+
Clock Signal                                  | Clock buffer(FF name)  | Load  |
----------------------------------------------+------------------------+-------+
cnt_hour_cmp_eq0000(cnt_hour_cmp_eq0000:O)    | NONE(*)(cnt_hour_0)    | 5     |
cnt_minute_cmp_eq0000(cnt_minute_cmp_eq0000:O)| NONE(*)(cnt_minute_0)  | 7     |
clk                                           | BUFGP                  | 33    |
----------------------------------------------+------------------------+-------+
(*) These 2 clock signal(s) are generated by combinatorial logic,
and XST is not able to identify which are the primary clock signals.
Please use the CLOCK_SIGNAL constraint to specify the clock signal(s) generated by combinatorial logic.
INFO:Xst:2169 - HDL ADVISOR - Some clock signals were not automatically buffered by XST with BUFG/BUFR resources. Please use the buffer_type constraint in order to insert these buffers to the clock signals to help prevent skew problems.

Asynchronous Control Signals Information:
----------------------------------------
No asynchronous control signals found in this design

Timing Summary:
---------------
Speed Grade: -5

   Minimum period: 5.759ns (Maximum Frequency: 173.636MHz)
   Minimum input arrival time before clock: No path found
   Maximum output required time after clock: 6.530ns
   Maximum combinational path delay: No path found

Timing Detail:
--------------
All values displayed in nanoseconds (ns)

=========================================================================
Timing constraint: Default period analysis for Clock 'cnt_hour_cmp_eq0000'
  Clock period: 4.393ns (frequency: 227.635MHz)
  Total number of paths / destination ports: 35 / 5
-------------------------------------------------------------------------
Delay:               4.393ns (Levels of Logic = 3)
  Source:            cnt_hour_2 (LATCH)
  Destination:       cnt_hour_0 (LATCH)
  Source Clock:      cnt_hour_cmp_eq0000 falling
  Destination Clock: cnt_hour_cmp_eq0000 falling

  Data Path: cnt_hour_2 to cnt_hour_0
                                Gate     Net
    Cell:in->out      fanout   Delay   Delay  Logical Name (Net Name)
    ----------------------------------------  ------------
     LD:G->Q               4   0.588   0.651  cnt_hour_2 (cnt_hour_2)
     LUT2:I0->O            1   0.612   0.360  newDay_cmp_eq0000_SW0 (N01)
     LUT4:I3->O            5   0.612   0.690  newDay_cmp_eq0000 (newDay_OBUF)
     LUT2:I0->O            1   0.612   0.000  cnt_hour_mux0000<4>1 (cnt_hour_mux0000<4>)
     LD:D                      0.268          cnt_hour_0
    ----------------------------------------
    Total                      4.393ns (2.692ns logic, 1.701ns route)
                                       (61.3% logic, 38.7% route)

=========================================================================
Timing constraint: Default period analysis for Clock 'cnt_minute_cmp_eq0000'
  Clock period: 4.540ns (frequency: 220.259MHz)
  Total number of paths / destination ports: 71 / 7
-------------------------------------------------------------------------
Delay:               4.540ns (Levels of Logic = 3)
  Source:            cnt_minute_0 (LATCH)
  Destination:       cnt_minute_0 (LATCH)
  Source Clock:      cnt_minute_cmp_eq0000 falling
  Destination Clock: cnt_minute_cmp_eq0000 falling

  Data Path: cnt_minute_0 to cnt_minute_0
                                Gate     Net
    Cell:in->out      fanout   Delay   Delay  Logical Name (Net Name)
    ----------------------------------------  ------------
     LD:G->Q               8   0.588   0.646  cnt_minute_0 (cnt_minute_0)
     LUT4:I3->O            2   0.612   0.383  cnt_hour_cmp_eq0000_SW0 (N4)
     LUT4:I3->O           10   0.612   0.819  cnt_hour_cmp_eq0000 (cnt_hour_cmp_eq0000)
     LUT2:I1->O            1   0.612   0.000  cnt_minute_mux0000<6>1 (cnt_minute_mux0000<6>)
     LD:D                      0.268          cnt_minute_0
    ----------------------------------------
    Total                      4.540ns (2.692ns logic, 1.848ns route)
                                       (59.3% logic, 40.7% route)

=========================================================================
Timing constraint: Default period analysis for Clock 'clk'
  Clock period: 5.759ns (frequency: 173.636MHz)
  Total number of paths / destination ports: 1468 / 73
-------------------------------------------------------------------------
Delay:               5.759ns (Levels of Logic = 9)
  Source:            cnt_clk_5 (FF)
  Destination:       cnt_second_0 (FF)
  Source Clock:      clk rising
  Destination Clock: clk rising

  Data Path: cnt_clk_5 to cnt_second_0
                                Gate     Net
    Cell:in->out      fanout   Delay   Delay  Logical Name (Net Name)
    ----------------------------------------  ------------
     FDR:C->Q              2   0.514   0.532  cnt_clk_5 (cnt_clk_5)
     LUT2:I0->O            1   0.612   0.000  cnt_clk_cmp_eq0000_wg_lut<0> (cnt_clk_cmp_eq0000_wg_lut<0>)
     MUXCY:S->O            1   0.404   0.000  cnt_clk_cmp_eq0000_wg_cy<0> (cnt_clk_cmp_eq0000_wg_cy<0>)
     MUXCY:CI->O           1   0.052   0.000  cnt_clk_cmp_eq0000_wg_cy<1> (cnt_clk_cmp_eq0000_wg_cy<1>)
     MUXCY:CI->O           1   0.052   0.000  cnt_clk_cmp_eq0000_wg_cy<2> (cnt_clk_cmp_eq0000_wg_cy<2>)
     MUXCY:CI->O           1   0.052   0.000  cnt_clk_cmp_eq0000_wg_cy<3> (cnt_clk_cmp_eq0000_wg_cy<3>)
     MUXCY:CI->O           1   0.052   0.000  cnt_clk_cmp_eq0000_wg_cy<4> (cnt_clk_cmp_eq0000_wg_cy<4>)
     MUXCY:CI->O           1   0.052   0.000  cnt_clk_cmp_eq0000_wg_cy<5> (cnt_clk_cmp_eq0000_wg_cy<5>)
     MUXCY:CI->O          34   0.289   1.142  cnt_clk_cmp_eq0000_wg_cy<6> (cnt_clk_cmp_eq0000)
     LUT2:I1->O            7   0.612   0.602  cnt_second_and00001 (cnt_second_and0000)
     FDRE:R                    0.795          cnt_second_0
    ----------------------------------------
    Total                      5.759ns (3.483ns logic, 2.276ns route)
                                       (60.5% logic, 39.5% route)

=========================================================================
Timing constraint: Default OFFSET OUT AFTER for Clock 'cnt_hour_cmp_eq0000'
  Total number of paths / destination ports: 10 / 6
-------------------------------------------------------------------------
Offset:              6.530ns (Levels of Logic = 3)
  Source:            cnt_hour_2 (LATCH)
  Destination:       newDay (PAD)
  Source Clock:      cnt_hour_cmp_eq0000 falling

  Data Path: cnt_hour_2 to newDay
                                Gate     Net
    Cell:in->out      fanout   Delay   Delay  Logical Name (Net Name)
    ----------------------------------------  ------------
     LD:G->Q               4   0.588   0.651  cnt_hour_2 (cnt_hour_2)
     LUT2:I0->O            1   0.612   0.360  newDay_cmp_eq0000_SW0 (N01)
     LUT4:I3->O            5   0.612   0.538  newDay_cmp_eq0000 (newDay_OBUF)
     OBUF:I->O                 3.169          newDay_OBUF (newDay)
    ----------------------------------------
    Total                      6.530ns (4.981ns logic, 1.549ns route)
                                       (76.3% logic, 23.7% route)

=========================================================================
Timing constraint: Default OFFSET OUT AFTER for Clock 'cnt_minute_cmp_eq0000'
  Total number of paths / destination ports: 7 / 7
-------------------------------------------------------------------------
Offset:              4.400ns (Levels of Logic = 1)
  Source:            cnt_minute_0 (LATCH)
  Destination:       minute<0> (PAD)
  Source Clock:      cnt_minute_cmp_eq0000 falling

  Data Path: cnt_minute_0 to minute<0>
                                Gate     Net
    Cell:in->out      fanout   Delay   Delay  Logical Name (Net Name)
    ----------------------------------------  ------------
     LD:G->Q               8   0.588   0.643  cnt_minute_0 (cnt_minute_0)
     OBUF:I->O                 3.169          minute_0_OBUF (minute<0>)
    ----------------------------------------
    Total                      4.400ns (3.757ns logic, 0.643ns route)
                                       (85.4% logic, 14.6% route)

=========================================================================
Timing constraint: Default OFFSET OUT AFTER for Clock 'clk'
  Total number of paths / destination ports: 7 / 7
-------------------------------------------------------------------------
Offset:              4.285ns (Levels of Logic = 1)
  Source:            cnt_second_0 (FF)
  Destination:       second<0> (PAD)
  Source Clock:      clk rising

  Data Path: cnt_second_0 to second<0>
                                Gate     Net
    Cell:in->out      fanout   Delay   Delay  Logical Name (Net Name)
    ----------------------------------------  ------------
     FDRE:C->Q             7   0.514   0.602  cnt_second_0 (cnt_second_0)
     OBUF:I->O                 3.169          second_0_OBUF (second<0>)
    ----------------------------------------
    Total                      4.285ns (3.683ns logic, 0.602ns route)
                                       (86.0% logic, 14.0% route)

=========================================================================


Total REAL time to Xst completion: 5.00 secs
Total CPU time to Xst completion: 4.63 secs
 
--> 

Total memory usage is 257200 kilobytes

Number of errors   :    0 (   0 filtered)
Number of warnings :    4 (   0 filtered)
Number of infos    :    1 (   0 filtered)

