Command line:
   tst_isim_beh.exe
     -simmode  gui
     -simrunnum  0
     -socket  51392

Sat Nov 14 21:14:42 2015


 Elaboration Time: 0.031201 sec

 Current Memory Usage: 663.343 Meg

 Total Signals          : 22
 Total Nets             : 41
 Total Signal Drivers   : 13
 Total Blocks           : 3
 Total Primitive Blocks : 2
 Total Processes        : 19
 Total Traceable Variables  : 33
 Total Scalar Nets and Variables : 194
Total Line Count : 88

 Total Simulation Time: 0.078001 sec

 Current Memory Usage: 663.343 Meg

Sat Nov 14 21:17:31 2015

