Command line:
   stt_isim_beh.exe
     -simmode  gui
     -simrunnum  0
     -socket  63086

Tue Nov 17 03:23:00 2015


 Elaboration Time: 0.0156 sec

 Current Memory Usage: 663.339 Meg

 Total Signals          : 16
 Total Nets             : 33
 Total Signal Drivers   : 7
 Total Blocks           : 3
 Total Primitive Blocks : 2
 Total Processes        : 9
 Total Traceable Variables  : 19
 Total Scalar Nets and Variables : 129
Total Line Count : 21

 Total Simulation Time: 0.031201 sec

 Current Memory Usage: 663.339 Meg

Tue Nov 17 03:23:10 2015

